2026-05-18 18:40:17,784 - INFO - Expenses saved successfully.
2026-05-18 18:40:17,785 - INFO - Expense added: Food - 100.0
2026-05-18 18:40:17,896 - INFO - Expenses saved successfully.
2026-05-18 18:40:17,896 - INFO - Expense added: Transport - 500.0
2026-05-20 00:03:13,286 - INFO - Application started successfully.
2026-05-20 01:04:07,217 - INFO - Application started successfully.
2026-05-20 01:04:07,282 - INFO - Expenses saved successfully.
2026-05-20 01:04:07,282 - INFO - Expense added: Food - 500.0
2026-05-20 01:04:07,367 - INFO - Expenses saved successfully.
2026-05-20 01:04:07,367 - INFO - Expense added: Transport - 200.0
2026-05-20 01:04:07,477 - INFO - Expenses saved successfully.
2026-05-20 01:04:07,477 - INFO - Expense updated successfully: 89504d95-c2d9-43b2-80e6-c567481c908a
2026-05-20 01:04:07,555 - INFO - CSV Exported: exports\expenses_export.csv
2026-05-20 01:04:07,585 - INFO - JSON Exported: exports\expenses_export.json
2026-05-20 01:04:07,647 - INFO - Excel Exported: exports\expenses_export.xlsx
2026-05-20 01:04:07,674 - INFO - PDF Exported: exports\expenses_export.pdf
2026-05-20 01:04:07,764 - ERROR - Save Error: [WinError 5] Access is denied: 'data\\expenses.json.tmp' -> 'data\\expenses.json'
2026-05-20 01:04:07,791 - INFO - Expense - aa064d9e-848b-48c3-805b-085f59f7ec84
Deleted successfully.
2026-05-20 01:25:36,193 - INFO - Application started successfully.
2026-05-20 01:25:36,331 - INFO - Expenses saved successfully.
2026-05-20 01:25:36,331 - INFO - Expense added: Food - 500.0
2026-05-20 01:25:36,440 - INFO - Expenses saved successfully.
2026-05-20 01:25:36,440 - INFO - Expense added: Transport - 200.0
2026-05-20 01:25:36,551 - INFO - Expenses saved successfully.
2026-05-20 01:25:36,551 - INFO - Expense updated successfully: 89504d95-c2d9-43b2-80e6-c567481c908a
2026-05-20 01:25:36,665 - INFO - CSV Exported: exports\expenses_export.csv
2026-05-20 01:25:36,718 - INFO - JSON Exported: exports\expenses_export.json
2026-05-20 01:25:36,779 - INFO - Excel Exported: exports\expenses_export.xlsx
2026-05-20 01:25:36,825 - INFO - PDF Exported: exports\expenses_export.pdf
2026-05-20 01:25:36,944 - INFO - Expenses saved successfully.
2026-05-20 01:25:36,944 - INFO - Expense - afe8bab5-a75c-4c4c-bc74-d95d3cf8967e
Deleted successfully.
2026-05-21 13:03:57,617 - INFO - Application started successfully.
2026-05-21 13:04:38,510 - INFO - Application started successfully.
2026-05-21 13:04:45,481 - INFO - Application started successfully.
2026-05-21 13:05:07,192 - INFO - Application started successfully.
2026-05-21 13:05:14,592 - INFO - Application started successfully.
2026-05-21 13:05:50,160 - INFO - Application started successfully.
2026-05-21 13:09:09,757 - INFO - Application started successfully.
2026-05-21 13:49:27,233 - INFO - Application started successfully.
2026-05-21 13:52:40,525 - INFO - Application started successfully.
2026-05-21 13:53:20,056 - INFO - Expenses saved successfully.
2026-05-21 13:53:20,056 - INFO - Expense added: Transport - 200.0
2026-05-21 13:54:40,472 - INFO - Application started successfully.
2026-05-21 14:05:06,355 - INFO - Application started successfully.
2026-05-21 14:06:27,954 - INFO - Expenses saved successfully.
2026-05-21 14:06:27,954 - INFO - Expense added: Other - 100.0
2026-05-21 14:06:57,353 - INFO - Application started successfully.
2026-05-21 14:07:32,258 - INFO - Application started successfully.
2026-05-21 14:07:54,553 - INFO - Expenses saved successfully.
2026-05-21 14:07:54,553 - INFO - Expense added: Health - 50.0
2026-05-21 14:08:20,750 - INFO - Application started successfully.
2026-05-21 14:09:43,636 - INFO - Expenses saved successfully.
2026-05-21 14:09:43,636 - INFO - Expense - d455a20b-4370-465f-a1b4-cba26fdedd19
Deleted successfully.
2026-05-21 14:09:50,356 - INFO - Expenses saved successfully.
2026-05-21 14:09:50,356 - INFO - Expense - dfecdb5f-e6f0-4095-b8b1-dc3b4dbe27a7
Deleted successfully.
2026-05-21 14:10:00,529 - INFO - Expenses saved successfully.
2026-05-21 14:10:00,529 - INFO - Expense updated successfully: 89d10fb9-b171-4482-8368-d1930fd2042c
2026-05-21 14:10:40,527 - INFO - Expenses saved successfully.
2026-05-21 14:10:40,527 - INFO - Expense added: Shopping - 50.0
2026-05-21 14:10:45,266 - INFO - Expenses saved successfully.
2026-05-21 14:10:45,267 - INFO - Expense updated successfully: 89d10fb9-b171-4482-8368-d1930fd2042c
2026-05-21 14:10:59,052 - INFO - Expenses saved successfully.
2026-05-21 14:10:59,053 - INFO - Expense updated successfully: 58223ced-3d39-437e-b84a-569a5fa29a12
2026-05-21 14:11:17,259 - INFO - Expenses saved successfully.
2026-05-21 14:11:17,260 - INFO - Expense - 58223ced-3d39-437e-b84a-569a5fa29a12
Deleted successfully.
2026-05-21 14:11:27,071 - INFO - Application started successfully.
2026-05-21 14:11:50,079 - INFO - Expenses saved successfully.
2026-05-21 14:11:50,079 - INFO - Expense added: Shopping - 50.0
2026-05-21 14:11:55,427 - INFO - Application started successfully.
2026-05-21 14:12:01,085 - INFO - Expenses saved successfully.
2026-05-21 14:12:01,085 - INFO - Expense - 8d505a81-d830-4876-8f15-58320f48f210
Deleted successfully.
2026-05-21 14:14:05,662 - INFO - Application started successfully.
2026-05-21 14:14:13,657 - INFO - Expenses saved successfully.
2026-05-21 14:14:13,657 - INFO - Expense updated successfully: 89d10fb9-b171-4482-8368-d1930fd2042c
2026-05-21 23:30:51,797 - INFO - Application started successfully.
2026-05-21 23:31:39,511 - INFO - Application started successfully.
2026-05-21 23:32:08,155 - INFO - Application started successfully.
2026-05-21 23:32:33,545 - INFO - Application started successfully.
2026-05-21 23:33:56,612 - INFO - Application started successfully.
2026-05-21 23:34:46,902 - INFO - Expenses saved successfully.
2026-05-21 23:34:46,902 - INFO - Expense added: Bills - 34000.0
2026-05-21 23:36:03,703 - INFO - Application started successfully.
2026-05-21 23:36:12,643 - INFO - Expenses saved successfully.
2026-05-21 23:36:12,643 - INFO - Expense updated successfully: fb393785-a761-4411-aec5-79d22565a0d4
2026-05-21 23:41:06,419 - INFO - Application started successfully.
2026-05-22 00:11:00,391 - INFO - Application started successfully.
2026-05-22 00:14:18,634 - INFO - Application started successfully.
2026-05-22 00:15:01,669 - INFO - Application started successfully.
2026-05-22 00:16:55,359 - INFO - Application started successfully.
2026-05-22 00:18:56,332 - INFO - Application started successfully.
2026-05-22 00:20:24,540 - INFO - Application started successfully.
2026-05-22 00:21:20,176 - INFO - Application started successfully.
2026-05-22 00:21:54,829 - INFO - Expenses saved successfully.
2026-05-22 00:21:54,829 - INFO - Expense added: Health - 30000.0
2026-05-22 00:22:21,820 - INFO - Expenses saved successfully.
2026-05-22 00:22:21,820 - INFO - Expense updated successfully: 21232ca1-4e54-47fe-911e-7a40225fedae
2026-05-22 00:23:09,259 - INFO - Expenses saved successfully.
2026-05-22 00:23:09,259 - INFO - Expense updated successfully: 21232ca1-4e54-47fe-911e-7a40225fedae
2026-05-22 00:26:56,318 - INFO - Application started successfully.
2026-05-22 00:27:03,370 - INFO - Expenses saved successfully.
2026-05-22 00:27:03,371 - INFO - Expense updated successfully: 21232ca1-4e54-47fe-911e-7a40225fedae
2026-05-22 00:27:06,222 - INFO - Expenses saved successfully.
2026-05-22 00:27:06,222 - INFO - Expense - 21232ca1-4e54-47fe-911e-7a40225fedae
Deleted successfully.
2026-05-22 00:27:21,283 - INFO - Expenses saved successfully.
2026-05-22 00:27:21,284 - INFO - Expense added: Health - 30000.0
2026-05-22 00:27:35,125 - INFO - Expenses saved successfully.
2026-05-22 00:27:35,125 - INFO - Expense updated successfully: 86640a70-dd23-46c6-bb51-8d1a7631cc85
2026-05-22 00:27:43,495 - INFO - Expenses saved successfully.
2026-05-22 00:27:43,495 - INFO - Expense - 86640a70-dd23-46c6-bb51-8d1a7631cc85
Deleted successfully.
2026-05-22 00:27:52,875 - INFO - Expenses saved successfully.
2026-05-22 00:27:52,875 - INFO - Expense updated successfully: fb393785-a761-4411-aec5-79d22565a0d4
2026-05-22 00:28:03,652 - INFO - Expenses saved successfully.
2026-05-22 00:28:03,652 - INFO - Expense updated successfully: fb393785-a761-4411-aec5-79d22565a0d4
2026-05-22 00:31:18,265 - INFO - Application started successfully.
2026-05-22 00:31:36,371 - INFO - Expenses saved successfully.
2026-05-22 00:31:36,372 - INFO - Expense added: Health - 30000.0
2026-05-22 00:31:53,245 - INFO - Expenses saved successfully.
2026-05-22 00:31:53,245 - INFO - Expense updated successfully: cc870c8a-6db1-4750-b472-3e9a452c1c91
2026-05-22 00:31:57,437 - INFO - Expenses saved successfully.
2026-05-22 00:31:57,437 - INFO - Expense - cc870c8a-6db1-4750-b472-3e9a452c1c91
Deleted successfully.
2026-05-22 00:35:59,011 - INFO - Application started successfully.
2026-05-22 00:36:14,934 - INFO - Expenses saved successfully.
2026-05-22 00:36:14,934 - INFO - Expense added: Health - 30000.0
2026-05-22 00:36:24,093 - INFO - Expenses saved successfully.
2026-05-22 00:36:24,093 - INFO - Expense updated successfully: 5b9dfa0d-bd24-43d8-869f-db16a455bc11
2026-05-22 00:36:27,834 - INFO - Expenses saved successfully.
2026-05-22 00:36:27,835 - INFO - Expense updated successfully: 5b9dfa0d-bd24-43d8-869f-db16a455bc11
2026-05-22 00:38:42,837 - INFO - Application started successfully.
2026-05-22 00:40:00,847 - INFO - Application started successfully.
2026-05-22 00:41:16,507 - INFO - Application started successfully.
2026-05-22 00:42:42,188 - INFO - Application started successfully.
2026-05-22 00:43:21,598 - INFO - Expenses saved successfully.
2026-05-22 00:43:21,599 - INFO - Expense - 5b9dfa0d-bd24-43d8-869f-db16a455bc11
Deleted successfully.
2026-05-22 00:43:26,337 - INFO - Expenses saved successfully.
2026-05-22 00:43:26,337 - INFO - Expense - fb393785-a761-4411-aec5-79d22565a0d4
Deleted successfully.
2026-05-22 00:43:32,060 - INFO - Expenses saved successfully.
2026-05-22 00:43:32,060 - INFO - Expense updated successfully: 89d10fb9-b171-4482-8368-d1930fd2042c
2026-05-22 00:43:34,249 - INFO - Expenses saved successfully.
2026-05-22 00:43:34,249 - INFO - Expense - 89d10fb9-b171-4482-8368-d1930fd2042c
Deleted successfully.
2026-05-22 00:50:26,859 - INFO - Application started successfully.
2026-05-22 00:50:32,925 - INFO - Expenses saved successfully.
2026-05-22 00:50:32,925 - INFO - Expense - ed567c90-5671-4b4c-b82c-313ba8880eb1
Deleted successfully.
2026-05-22 00:50:38,858 - INFO - Expenses saved successfully.
2026-05-22 00:50:38,858 - INFO - Expense - 54bb0f6f-7e9d-4bdc-a396-c8346fde9057
Deleted successfully.
2026-05-22 00:51:40,997 - INFO - Application started successfully.
2026-05-22 00:55:08,080 - INFO - Application started successfully.
2026-05-22 00:55:14,334 - INFO - Expenses saved successfully.
2026-05-22 00:55:14,334 - INFO - Expense - aa064d9e-848b-48c3-805b-085f59f7ec84
Deleted successfully.
2026-05-22 00:55:19,731 - INFO - Expenses saved successfully.
2026-05-22 00:55:19,731 - INFO - Expense - 31ab26f3-18cf-460a-a6a9-8e0e654135b7
Deleted successfully.
2026-05-22 00:56:05,599 - INFO - Application started successfully.
2026-05-22 01:00:37,915 - INFO - Application started successfully.
2026-05-22 01:00:55,259 - INFO - Application started successfully.
2026-05-22 01:03:59,257 - INFO - Application started successfully.
2026-05-22 01:07:00,487 - INFO - Application started successfully.
2026-05-22 01:07:43,691 - INFO - Application started successfully.
2026-05-22 01:19:11,263 - INFO - Expenses saved successfully.
2026-05-22 01:19:11,263 - INFO - Expense added: Food - 20.0
2026-05-22 01:21:08,721 - INFO - Application started successfully.
2026-05-22 01:24:24,535 - INFO - Application started successfully.
2026-05-22 01:24:44,412 - INFO - Expenses saved successfully.
2026-05-22 01:24:44,412 - INFO - Expense added: Entertainment - 100.0
2026-05-22 01:24:49,661 - INFO - Expenses saved successfully.
2026-05-22 01:24:49,661 - INFO - Expense updated successfully: b8f85ba2-d37d-40da-95f9-af9434bc970a
2026-05-22 01:24:53,124 - INFO - Expenses saved successfully.
2026-05-22 01:24:53,124 - INFO - Expense - b8f85ba2-d37d-40da-95f9-af9434bc970a
Deleted successfully.
2026-05-22 01:26:00,274 - INFO - Expenses saved successfully.
2026-05-22 01:26:00,274 - INFO - Expense added: Bills - 300.0
2026-05-22 01:30:10,176 - INFO - Application started successfully.
2026-05-22 01:32:29,125 - INFO - Application started successfully.
2026-05-22 01:33:12,192 - INFO - Application started successfully.
2026-05-22 01:34:35,683 - INFO - Application started successfully.
2026-05-22 01:35:52,329 - INFO - Application started successfully.
2026-05-22 01:36:36,293 - INFO - Expenses saved successfully.
2026-05-22 01:36:36,293 - INFO - Expense updated successfully: 84dac793-30a6-46ea-9a5b-2ad485d336e8
2026-05-22 01:44:21,763 - INFO - Application started successfully.
2026-05-22 01:45:25,093 - INFO - Application started successfully.
2026-05-22 01:45:42,367 - INFO - Application started successfully.
2026-05-22 01:45:58,139 - INFO - Expenses saved successfully.
2026-05-22 01:45:58,139 - INFO - Expense updated successfully: 02a7773b-7727-445d-b501-5a95f3850272
2026-05-22 01:46:12,822 - INFO - Expenses saved successfully.
2026-05-22 01:46:12,822 - INFO - Expense updated successfully: 02a7773b-7727-445d-b501-5a95f3850272
2026-05-22 01:46:32,559 - INFO - Expenses saved successfully.
2026-05-22 01:46:32,559 - INFO - Expense - 89504d95-c2d9-43b2-80e6-c567481c908a
Deleted successfully.
2026-05-22 01:46:33,879 - INFO - Expenses saved successfully.
2026-05-22 01:46:33,879 - INFO - Expense - 84dac793-30a6-46ea-9a5b-2ad485d336e8
Deleted successfully.
2026-05-22 01:46:34,975 - INFO - Expenses saved successfully.
2026-05-22 01:46:34,975 - INFO - Expense - bc97387c-a02d-4973-b2b7-7a1dbe183bf8
Deleted successfully.
2026-05-22 01:46:36,031 - INFO - Expenses saved successfully.
2026-05-22 01:46:36,031 - INFO - Expense - b04f3091-2179-4ea7-af0c-e0280f5b0d39
Deleted successfully.
2026-05-22 01:46:37,032 - INFO - Expenses saved successfully.
2026-05-22 01:46:37,033 - INFO - Expense - 02a7773b-7727-445d-b501-5a95f3850272
Deleted successfully.
2026-05-22 01:47:22,703 - INFO - Application started successfully.
2026-05-22 01:47:41,708 - INFO - Expenses saved successfully.
2026-05-22 01:47:41,708 - INFO - Expense added: Transport - 20.0
2026-05-22 01:48:00,900 - INFO - Expenses saved successfully.
2026-05-22 01:48:00,900 - INFO - Expense added: Education - 2550.0
2026-05-22 01:48:23,964 - INFO - Expenses saved successfully.
2026-05-22 01:48:23,964 - INFO - Expense added: Bills - 30000.0
2026-05-22 01:48:43,269 - INFO - Expenses saved successfully.
2026-05-22 01:48:43,269 - INFO - Expense updated successfully: 919f4521-992f-4c7e-91e4-44667a6876ca
2026-05-22 01:49:33,503 - INFO - Expenses saved successfully.
2026-05-22 01:49:33,503 - INFO - Expense added: Food - 1000.0
2026-05-22 01:50:18,400 - INFO - Expenses saved successfully.
2026-05-22 01:50:18,400 - INFO - Expense - d8fd7366-0529-46c7-8b3c-9a595a191ccd
Deleted successfully.
2026-05-22 01:57:46,966 - INFO - Application started successfully.
2026-05-22 01:58:11,892 - INFO - Application started successfully.
2026-05-22 15:07:36,635 - INFO - Application started successfully.
2026-05-22 15:08:01,443 - INFO - Application started successfully.
2026-05-22 15:10:01,119 - INFO - Application started successfully.
2026-05-22 15:11:09,565 - INFO - Application started successfully.
2026-05-22 15:12:17,110 - INFO - Application started successfully.
2026-05-23 12:28:15,522 - INFO - Application started successfully.
2026-05-23 12:31:38,596 - INFO - Application started successfully.
2026-05-23 12:32:32,064 - INFO - Application started successfully.
2026-05-23 12:34:41,838 - INFO - Application started successfully.
2026-05-23 12:36:55,986 - INFO - Application started successfully.
2026-05-23 12:51:43,500 - INFO - Application started successfully.
2026-05-23 12:52:19,496 - INFO - Expenses saved successfully.
2026-05-23 12:52:19,496 - INFO - Expense added: Shopping - 300.0
2026-05-23 12:52:47,352 - INFO - Expenses saved successfully.
2026-05-23 12:52:47,352 - INFO - Expense updated successfully: b4fa1c16-d84d-4fc5-822e-eedda3127482
2026-05-23 12:52:55,793 - INFO - Expenses saved successfully.
2026-05-23 12:52:55,793 - INFO - Expense - b4fa1c16-d84d-4fc5-822e-eedda3127482
Deleted successfully.
2026-05-23 12:53:03,821 - INFO - Expenses saved successfully.
2026-05-23 12:53:03,822 - INFO - Expense - 919f4521-992f-4c7e-91e4-44667a6876ca
Deleted successfully.
2026-05-23 12:53:15,817 - INFO - Expenses saved successfully.
2026-05-23 12:53:15,817 - INFO - Expense updated successfully: 2ab07486-a50b-423f-bd85-d9f7c83ca93f
2026-05-23 12:53:58,941 - INFO - Application started successfully.
2026-05-23 12:54:19,263 - INFO - Expenses saved successfully.
2026-05-23 12:54:19,263 - INFO - Expense added: Shopping - 3000.0
2026-05-23 12:55:19,252 - INFO - Application started successfully.
2026-05-23 12:57:39,037 - INFO - Application started successfully.
2026-05-23 12:57:52,951 - INFO - Application started successfully.
2026-05-23 12:58:15,403 - INFO - Expenses saved successfully.
2026-05-23 12:58:15,404 - INFO - Expense updated successfully: 83f4bed5-1676-459c-861a-bd977707071e
2026-05-23 12:58:34,305 - INFO - Expenses saved successfully.
2026-05-23 12:58:34,305 - INFO - Expense updated successfully: a099ccb0-db3c-40ca-875e-bf2530b3c765
2026-05-23 13:00:46,651 - INFO - Application started successfully.
2026-05-23 13:01:22,864 - INFO - Application started successfully.
2026-05-23 13:01:54,771 - INFO - Application started successfully.
2026-05-23 13:02:49,241 - INFO - Application started successfully.
2026-05-23 13:10:54,402 - INFO - Application started successfully.
2026-05-23 13:12:18,176 - INFO - Application started successfully.
2026-05-23 13:14:29,737 - INFO - Application started successfully.
2026-05-23 13:15:00,700 - INFO - Application started successfully.
2026-05-23 13:16:14,512 - INFO - Application started successfully.
2026-05-23 13:18:47,204 - INFO - Application started successfully.
2026-05-23 13:19:26,752 - INFO - Application started successfully.
2026-05-23 13:19:48,069 - INFO - Application started successfully.
2026-05-23 13:19:57,527 - INFO - Application started successfully.
2026-05-23 13:33:59,811 - INFO - Application started successfully.
2026-05-23 13:34:22,876 - INFO - Expenses saved successfully.
2026-05-23 13:34:22,876 - INFO - Expense added: Food - 200.0
2026-05-23 13:34:56,361 - INFO - Application started successfully.
2026-05-23 13:35:16,786 - INFO - Expenses saved successfully.
2026-05-23 13:35:16,787 - INFO - Expense added: Food - 30.0
2026-05-23 13:38:02,664 - INFO - Application started successfully.
2026-05-23 13:38:26,236 - INFO - Expenses saved successfully.
2026-05-23 13:38:26,236 - INFO - Expense updated successfully: ce90dca4-5984-4897-bb59-e4b2b461401a
2026-05-23 13:38:36,992 - INFO - Expenses saved successfully.
2026-05-23 13:38:36,992 - INFO - Expense updated successfully: ce90dca4-5984-4897-bb59-e4b2b461401a
2026-05-23 13:38:45,253 - INFO - Expenses saved successfully.
2026-05-23 13:38:45,253 - INFO - Expense updated successfully: ce90dca4-5984-4897-bb59-e4b2b461401a
2026-05-23 13:38:48,301 - INFO - Expenses saved successfully.
2026-05-23 13:38:48,301 - INFO - Expense updated successfully: ce90dca4-5984-4897-bb59-e4b2b461401a
2026-05-23 13:39:25,498 - INFO - Expenses saved successfully.
2026-05-23 13:39:25,498 - INFO - Expense updated successfully: ce90dca4-5984-4897-bb59-e4b2b461401a
2026-05-23 13:39:31,963 - INFO - Expenses saved successfully.
2026-05-23 13:39:31,963 - INFO - Expense updated successfully: ce90dca4-5984-4897-bb59-e4b2b461401a
2026-05-23 13:39:34,956 - INFO - Expenses saved successfully.
2026-05-23 13:39:34,956 - INFO - Expense updated successfully: ce90dca4-5984-4897-bb59-e4b2b461401a
2026-05-23 13:39:40,627 - INFO - Expenses saved successfully.
2026-05-23 13:39:40,627 - INFO - Expense updated successfully: ce90dca4-5984-4897-bb59-e4b2b461401a
2026-05-23 13:39:46,718 - INFO - Expenses saved successfully.
2026-05-23 13:39:46,718 - INFO - Expense updated successfully: ce90dca4-5984-4897-bb59-e4b2b461401a
2026-05-23 13:39:49,173 - INFO - Expenses saved successfully.
2026-05-23 13:39:49,173 - INFO - Expense - ce90dca4-5984-4897-bb59-e4b2b461401a
Deleted successfully.
2026-05-23 13:40:14,004 - INFO - Application started successfully.
2026-05-23 13:40:24,954 - INFO - Expenses saved successfully.
2026-05-23 13:40:24,955 - INFO - Expense added: Transport - 30.0
2026-05-23 13:40:49,476 - INFO - Expenses saved successfully.
2026-05-23 13:40:49,476 - INFO - Expense updated successfully: 88e8750f-22a0-4b5a-80b0-659bbb6a064f
2026-05-23 13:40:55,372 - INFO - Expenses saved successfully.
2026-05-23 13:40:55,372 - INFO - Expense - 88e8750f-22a0-4b5a-80b0-659bbb6a064f
Deleted successfully.
2026-05-23 13:42:47,585 - INFO - Application started successfully.
2026-05-23 13:43:04,331 - INFO - Expenses saved successfully.
2026-05-23 13:43:04,331 - INFO - Expense added: Food - 30.0
2026-05-23 13:43:28,939 - INFO - Expenses saved successfully.
2026-05-23 13:43:28,939 - INFO - Expense updated successfully: b6058d77-c8c1-4ffa-aa31-3ecf8960d143
2026-05-23 13:43:41,156 - INFO - Expenses saved successfully.
2026-05-23 13:43:41,157 - INFO - Expense updated successfully: b6058d77-c8c1-4ffa-aa31-3ecf8960d143
2026-05-23 13:43:47,227 - INFO - Expenses saved successfully.
2026-05-23 13:43:47,227 - INFO - Expense updated successfully: b6058d77-c8c1-4ffa-aa31-3ecf8960d143
2026-05-23 13:43:51,635 - INFO - Expenses saved successfully.
2026-05-23 13:43:51,635 - INFO - Expense - b6058d77-c8c1-4ffa-aa31-3ecf8960d143
Deleted successfully.
2026-05-23 13:44:11,316 - INFO - Expenses saved successfully.
2026-05-23 13:44:11,316 - INFO - Expense - 7fc9c01b-3346-42d8-8263-d6ac5bfcac22
Deleted successfully.
2026-05-23 13:52:23,484 - INFO - Application started successfully.
2026-05-23 13:52:35,579 - INFO - Expenses saved successfully.
2026-05-23 13:52:35,579 - INFO - Expense added: Food - 60.0
2026-05-23 13:52:40,591 - INFO - Expenses saved successfully.
2026-05-23 13:52:40,591 - INFO - Expense - 5d4d4953-8d86-45dd-be17-a9b0669e2575
Deleted successfully.
2026-05-23 13:52:56,011 - INFO - Expenses saved successfully.
2026-05-23 13:52:56,011 - INFO - Expense added: Transport - 60.0
2026-05-23 13:53:04,408 - INFO - Expenses saved successfully.
2026-05-23 13:53:04,409 - INFO - Expense - 31ae8648-8d57-466c-b49e-d1a69d02af23
Deleted successfully.
2026-05-23 13:54:12,087 - INFO - Application started successfully.
2026-05-23 13:57:27,563 - INFO - Application started successfully.
2026-05-23 13:57:55,003 - INFO - Expenses saved successfully.
2026-05-23 13:57:55,004 - INFO - Expense added: Food - 60.0
2026-05-23 13:58:15,203 - INFO - Expenses saved successfully.
2026-05-23 13:58:15,203 - INFO - Expense updated successfully: ceb9ebf4-04b8-473f-88e9-3a5afb0c568e
2026-05-23 13:58:27,067 - INFO - Expenses saved successfully.
2026-05-23 13:58:27,067 - INFO - Expense updated successfully: ceb9ebf4-04b8-473f-88e9-3a5afb0c568e
2026-05-23 13:58:30,141 - INFO - Expenses saved successfully.
2026-05-23 13:58:30,141 - INFO - Expense - ceb9ebf4-04b8-473f-88e9-3a5afb0c568e
Deleted successfully.
2026-05-23 13:58:48,059 - INFO - Expenses saved successfully.
2026-05-23 13:58:48,060 - INFO - Expense added: Travel - 80.0
2026-05-23 13:58:57,346 - INFO - Expenses saved successfully.
2026-05-23 13:58:57,346 - INFO - Expense - e1f93de8-3aa1-4fd4-a00d-7edf88a69564
Deleted successfully.
2026-05-23 14:01:39,271 - INFO - Application started successfully.
2026-05-23 14:06:11,070 - INFO - Application started successfully.
2026-05-23 14:06:34,388 - INFO - Application started successfully.
2026-05-23 14:06:34,534 - ERROR - Summary Error: Expecting value: line 1 column 1 (char 0)
2026-05-23 14:06:59,305 - INFO - Application started successfully.
2026-05-23 14:06:59,452 - ERROR - Summary Error: Expecting value: line 1 column 1 (char 0)
2026-05-23 14:07:34,565 - INFO - Application started successfully.
2026-05-23 14:08:14,817 - INFO - Expenses saved successfully.
2026-05-23 14:08:14,817 - INFO - Expense added: Education - 5050.0
2026-05-23 14:08:33,093 - INFO - Expenses saved successfully.
2026-05-23 14:08:33,093 - INFO - Expense added: Transport - 1400.0
2026-05-23 14:08:45,009 - INFO - Expenses saved successfully.
2026-05-23 14:08:45,009 - INFO - Expense added: Food - 60.0
2026-05-23 14:09:02,420 - INFO - Expenses saved successfully.
2026-05-23 14:09:02,420 - INFO - Expense added: Education - 34000.0
2026-05-23 14:09:31,997 - INFO - Expenses saved successfully.
2026-05-23 14:09:31,997 - INFO - Expense updated successfully: c6ead13f-db91-4852-8136-56b023180185
2026-05-23 14:10:00,677 - INFO - Application started successfully.
2026-05-23 14:11:03,650 - INFO - Application started successfully.
2026-05-23 14:11:19,856 - INFO - Expenses saved successfully.
2026-05-23 14:11:19,856 - INFO - Expense added: Education - 5050.0
2026-05-23 14:11:44,498 - INFO - Expenses saved successfully.
2026-05-23 14:11:44,498 - INFO - Expense added: Transport - 1400.0
2026-05-23 14:12:06,749 - INFO - Expenses saved successfully.
2026-05-23 14:12:06,749 - INFO - Expense added: Travel - 1000.0
2026-05-23 14:12:23,788 - INFO - Expenses saved successfully.
2026-05-23 14:12:23,788 - INFO - Expense added: Food - 200.0
2026-05-23 14:12:41,734 - INFO - Expenses saved successfully.
2026-05-23 14:12:41,734 - INFO - Expense added: Shopping - 3000.0
2026-05-23 14:13:01,828 - INFO - Expenses saved successfully.
2026-05-23 14:13:01,828 - INFO - Expense added: Other - 1000.0
2026-05-23 14:16:51,540 - INFO - Application started successfully.
2026-05-23 14:31:21,682 - INFO - Application started successfully.
2026-05-23 14:31:22,241 - INFO - JSON Exported: exports\expenses_export.json
2026-05-23 14:31:22,291 - INFO - CSV Exported: exports\expenses_export.csv
2026-05-23 14:31:22,361 - INFO - Excel Exported: exports\expenses_export.xlsx
2026-05-23 14:31:22,407 - INFO - PDF Exported: exports\expenses_export.pdf
2026-05-23 14:32:09,327 - INFO - Application started successfully.
2026-05-23 14:32:09,923 - INFO - JSON Exported: exports\expenses_export.json
2026-05-23 14:32:09,973 - INFO - CSV Exported: exports\expenses_export.csv
2026-05-23 14:32:10,056 - INFO - Excel Exported: exports\expenses_export.xlsx
2026-05-23 14:32:10,101 - INFO - PDF Exported: exports\expenses_export.pdf
2026-05-23 14:33:12,270 - INFO - Application started successfully.
2026-05-23 14:33:12,854 - INFO - JSON Exported: exports\expenses_export.json
2026-05-23 14:33:12,904 - INFO - CSV Exported: exports\expenses_export.csv
2026-05-23 14:33:12,960 - INFO - Excel Exported: exports\expenses_export.xlsx
2026-05-23 14:33:13,005 - INFO - PDF Exported: exports\expenses_export.pdf
2026-05-23 14:33:46,599 - INFO - Application started successfully.
2026-05-23 14:33:47,157 - INFO - JSON Exported: exports\expenses_export.json
2026-05-23 14:33:47,207 - INFO - CSV Exported: exports\expenses_export.csv
2026-05-23 14:33:47,261 - INFO - Excel Exported: exports\expenses_export.xlsx
2026-05-23 14:33:47,307 - INFO - PDF Exported: exports\expenses_export.pdf
2026-05-23 14:37:52,037 - INFO - Application started successfully.
2026-05-23 14:37:52,588 - INFO - JSON Exported: exports\expenses_export.json
2026-05-23 14:37:52,750 - INFO - CSV Exported: exports\expenses_export.csv
2026-05-23 14:37:52,801 - INFO - Excel Exported: exports\expenses_export.xlsx
2026-05-23 14:37:52,845 - INFO - PDF Exported: exports\expenses_export.pdf
2026-05-23 14:46:15,079 - INFO - Application started successfully.
2026-05-23 14:46:19,848 - INFO - CSV Exported: exports\expenses_export.csv
2026-05-23 14:46:22,800 - INFO - JSON Exported: exports\expenses_export.json
2026-05-23 14:46:24,906 - INFO - Excel Exported: exports\expenses_export.xlsx
2026-05-23 14:46:26,170 - INFO - PDF Exported: exports\expenses_export.pdf
2026-05-23 14:47:01,851 - INFO - Application started successfully.
2026-05-23 14:47:11,792 - INFO - JSON Exported: exports\expenses_export.json
2026-05-23 14:47:13,063 - INFO - CSV Exported: exports\expenses_export.csv
2026-05-23 14:47:13,930 - INFO - Excel Exported: exports\expenses_export.xlsx
2026-05-23 14:47:14,492 - INFO - PDF Exported: exports\expenses_export.pdf
2026-05-23 14:52:47,402 - INFO - Application started successfully.
2026-05-23 14:53:33,487 - INFO - Application started successfully.
2026-05-23 15:24:30,282 - INFO - Application started successfully.
2026-05-23 15:30:22,931 - INFO - Application started successfully.
2026-05-23 15:31:07,493 - INFO - Application started successfully.
2026-05-23 15:31:10,593 - INFO - CSV Exported: exports\expenses_export.csv
2026-05-23 15:31:11,794 - INFO - Excel Exported: exports\expenses_export.xlsx
2026-05-23 15:31:12,410 - INFO - PDF Exported: exports\expenses_export.pdf
2026-05-23 15:31:13,410 - INFO - JSON Exported: exports\expenses_export.json
2026-05-23 15:33:58,692 - INFO - Application started successfully.
2026-05-23 15:43:13,697 - INFO - Application started successfully.
2026-05-23 15:58:48,548 - INFO - Application started successfully.
